2026-01-06 13:43:17.111 | INFO     | __main__:<module>:17 - Logging initialized at /app/logs
2026-01-06 13:44:07.288 | INFO     | __main__:auto_execute:207 - auto_execute called keyword=个人成长 note_limit=3
2026-01-06 13:44:07.316 | INFO     | src.utils.browser_guard:_launch:104 - Launching managed Chrome instance: google-chrome --remote-debugging-port=9222 --remote-debugging-address=127.0.0.1 --user-data-dir=/app/data/chrome-profile --no-first-run --no-default-browser-check --headless=new --window-size=1920,1080 --remote-allow-origins=* --disable-dev-shm-usage --no-sandbox --disable-gpu --disable-software-rasterizer
2026-01-06 13:44:07.788 | WARNING  | src.clients.chrome_devtools:_create_target:79 - Chrome /json/new blocked (405). Reusing existing target New Tab (1E0E6B0611F4817946471525936BFB2F)
2026-01-06 13:44:07.821 | WARNING  | src.clients.chrome_devtools:_create_target:79 - Chrome /json/new blocked (405). Reusing existing target New Tab (1E0E6B0611F4817946471525936BFB2F)
2026-01-06 13:44:07.829 | INFO     | src.services.login_service:ensure_login_status:246 - Navigating Chrome target to https://www.xiaohongshu.com/explore
2026-01-06 13:44:07.854 | WARNING  | src.clients.chrome_devtools:_create_target:79 - Chrome /json/new blocked (405). Reusing existing target New Tab (1E0E6B0611F4817946471525936BFB2F)
2026-01-06 13:44:08.057 | INFO     | src.services.login_service:ensure_login_status:249 - Waiting for ready state...
2026-01-06 13:44:08.075 | INFO     | src.services.login_service:ensure_login_status:253 - Executing DOM probe...
2026-01-06 13:44:13.156 | INFO     | src.services.login_service:ensure_login_status:246 - Navigating Chrome target to https://www.xiaohongshu.com/explore
2026-01-06 13:44:13.341 | INFO     | src.services.login_service:ensure_login_status:249 - Waiting for ready state...
2026-01-06 13:44:13.360 | INFO     | src.services.login_service:ensure_login_status:253 - Executing DOM probe...
2026-01-06 13:44:18.430 | INFO     | src.services.login_service:ensure_login_status:246 - Navigating Chrome target to https://www.xiaohongshu.com/explore
2026-01-06 13:44:18.540 | INFO     | src.services.login_service:ensure_login_status:249 - Waiting for ready state...
2026-01-06 13:44:18.559 | INFO     | src.services.login_service:ensure_login_status:253 - Executing DOM probe...
2026-01-06 13:44:23.632 | INFO     | src.services.login_service:ensure_login_status:246 - Navigating Chrome target to https://www.xiaohongshu.com/explore
2026-01-06 13:44:23.846 | INFO     | src.services.login_service:ensure_login_status:249 - Waiting for ready state...
2026-01-06 13:44:23.867 | INFO     | src.services.login_service:ensure_login_status:253 - Executing DOM probe...
2026-01-06 13:44:28.945 | INFO     | src.services.login_service:ensure_login_status:246 - Navigating Chrome target to https://www.xiaohongshu.com/explore
2026-01-06 13:44:29.053 | INFO     | src.services.login_service:ensure_login_status:249 - Waiting for ready state...
2026-01-06 13:44:29.074 | INFO     | src.services.login_service:ensure_login_status:253 - Executing DOM probe...
2026-01-06 13:44:34.151 | INFO     | src.services.login_service:ensure_login_status:246 - Navigating Chrome target to https://www.xiaohongshu.com/explore
2026-01-06 13:44:34.258 | INFO     | src.services.login_service:ensure_login_status:249 - Waiting for ready state...
2026-01-06 13:44:34.283 | INFO     | src.services.login_service:ensure_login_status:253 - Executing DOM probe...
2026-01-06 13:44:34.302 | INFO     | src.utils.browser_guard:shutdown:157 - Shutting down managed Chrome instance
2026-01-06 13:44:34.316 | WARNING  | src.clients.chrome_devtools:_read_loop:162 - Read loop terminated: no close frame received or sent
2026-01-06 13:44:34.316 | WARNING  | src.clients.chrome_devtools:_read_loop:162 - Read loop terminated: no close frame received or sent
2026-01-06 13:44:34.317 | WARNING  | src.clients.chrome_devtools:_read_loop:162 - Read loop terminated: no close frame received or sent
2026-01-06 13:44:34.317 | WARNING  | src.clients.chrome_devtools:_read_loop:162 - Read loop terminated: no close frame received or sent
2026-01-06 13:44:34.317 | WARNING  | src.clients.chrome_devtools:_read_loop:162 - Read loop terminated: no close frame received or sent
2026-01-06 13:44:34.317 | WARNING  | src.clients.chrome_devtools:_read_loop:162 - Read loop terminated: no close frame received or sent
2026-01-06 13:44:34.317 | WARNING  | src.clients.chrome_devtools:_read_loop:162 - Read loop terminated: no close frame received or sent
2026-01-06 13:44:34.317 | WARNING  | src.clients.chrome_devtools:_read_loop:162 - Read loop terminated: no close frame received or sent
2026-01-06 13:44:34.317 | WARNING  | src.clients.chrome_devtools:_read_loop:162 - Read loop terminated: no close frame received or sent
2026-01-06 13:44:34.317 | WARNING  | src.clients.chrome_devtools:_read_loop:162 - Read loop terminated: no close frame received or sent
2026-01-06 13:44:34.317 | WARNING  | src.clients.chrome_devtools:_read_loop:162 - Read loop terminated: no close frame received or sent
2026-01-06 13:44:34.318 | WARNING  | src.clients.chrome_devtools:_read_loop:162 - Read loop terminated: no close frame received or sent
2026-01-06 13:44:34.318 | WARNING  | src.clients.chrome_devtools:_read_loop:162 - Read loop terminated: no close frame received or sent
2026-01-06 13:44:34.318 | WARNING  | src.clients.chrome_devtools:_read_loop:162 - Read loop terminated: no close frame received or sent
2026-01-06 13:44:34.318 | WARNING  | src.clients.chrome_devtools:_read_loop:162 - Read loop terminated: no close frame received or sent
2026-01-06 13:44:34.318 | WARNING  | src.clients.chrome_devtools:_read_loop:162 - Read loop terminated: no close frame received or sent
2026-01-06 13:44:34.318 | WARNING  | src.clients.chrome_devtools:_read_loop:162 - Read loop terminated: no close frame received or sent
2026-01-06 13:44:34.318 | WARNING  | src.clients.chrome_devtools:_read_loop:162 - Read loop terminated: no close frame received or sent
2026-01-06 13:44:34.318 | WARNING  | src.clients.chrome_devtools:_read_loop:162 - Read loop terminated: no close frame received or sent
2026-01-06 13:44:34.318 | WARNING  | src.clients.chrome_devtools:_read_loop:162 - Read loop terminated: no close frame received or sent
2026-01-06 13:44:34.318 | WARNING  | src.clients.chrome_devtools:_read_loop:162 - Read loop terminated: no close frame received or sent
2026-01-06 13:44:34.318 | WARNING  | src.clients.chrome_devtools:_read_loop:162 - Read loop terminated: no close frame received or sent
2026-01-06 13:44:34.318 | WARNING  | src.clients.chrome_devtools:_read_loop:162 - Read loop terminated: no close frame received or sent
2026-01-06 13:44:34.318 | WARNING  | src.clients.chrome_devtools:_read_loop:162 - Read loop terminated: no close frame received or sent
2026-01-06 13:44:34.332 | INFO     | __main__:auto_execute:211 - Cleaning response with keyword=个人成长
2026-01-06 13:45:08.212 | INFO     | __main__:auto_execute:207 - auto_execute called keyword=个人成长 note_limit=3
2026-01-06 13:45:08.231 | INFO     | src.utils.browser_guard:_cleanup_profile:133 - Removed stale lock file: /app/data/chrome-profile/SingletonLock
2026-01-06 13:45:08.232 | INFO     | src.utils.browser_guard:_cleanup_profile:133 - Removed stale lock file: /app/data/chrome-profile/SingletonCookie
2026-01-06 13:45:08.232 | INFO     | src.utils.browser_guard:_cleanup_profile:133 - Removed stale lock file: /app/data/chrome-profile/SingletonSocket
2026-01-06 13:45:08.232 | INFO     | src.utils.browser_guard:_launch:104 - Launching managed Chrome instance: google-chrome --remote-debugging-port=9222 --remote-debugging-address=127.0.0.1 --user-data-dir=/app/data/chrome-profile --no-first-run --no-default-browser-check --headless=new --window-size=1920,1080 --remote-allow-origins=* --disable-dev-shm-usage --no-sandbox --disable-gpu --disable-software-rasterizer
2026-01-06 13:45:08.705 | WARNING  | src.clients.chrome_devtools:_create_target:79 - Chrome /json/new blocked (405). Reusing existing target New Tab (26929C73E30FD9C05E909286B65EDE06)
2026-01-06 13:45:08.727 | WARNING  | src.clients.chrome_devtools:_create_target:79 - Chrome /json/new blocked (405). Reusing existing target New Tab (26929C73E30FD9C05E909286B65EDE06)
2026-01-06 13:45:08.730 | INFO     | src.services.login_service:ensure_login_status:246 - Navigating Chrome target to https://www.xiaohongshu.com/explore
2026-01-06 13:45:08.747 | WARNING  | src.clients.chrome_devtools:_create_target:79 - Chrome /json/new blocked (405). Reusing existing target New Tab (26929C73E30FD9C05E909286B65EDE06)
2026-01-06 13:45:08.899 | INFO     | src.services.login_service:ensure_login_status:249 - Waiting for ready state...
2026-01-06 13:45:08.920 | INFO     | src.services.login_service:ensure_login_status:253 - Executing DOM probe...
2026-01-06 13:45:13.997 | INFO     | src.services.login_service:ensure_login_status:246 - Navigating Chrome target to https://www.xiaohongshu.com/explore
2026-01-06 13:45:14.194 | INFO     | src.services.login_service:ensure_login_status:249 - Waiting for ready state...
2026-01-06 13:45:14.215 | INFO     | src.services.login_service:ensure_login_status:253 - Executing DOM probe...
2026-01-06 13:45:19.294 | INFO     | src.services.login_service:ensure_login_status:246 - Navigating Chrome target to https://www.xiaohongshu.com/explore
2026-01-06 13:45:19.424 | INFO     | src.services.login_service:ensure_login_status:249 - Waiting for ready state...
2026-01-06 13:45:19.445 | INFO     | src.services.login_service:ensure_login_status:253 - Executing DOM probe...
2026-01-06 13:45:24.521 | INFO     | src.services.login_service:ensure_login_status:246 - Navigating Chrome target to https://www.xiaohongshu.com/explore
2026-01-06 13:45:24.630 | INFO     | src.services.login_service:ensure_login_status:249 - Waiting for ready state...
2026-01-06 13:45:24.650 | INFO     | src.services.login_service:ensure_login_status:253 - Executing DOM probe...
2026-01-06 13:45:29.722 | INFO     | src.services.login_service:ensure_login_status:246 - Navigating Chrome target to https://www.xiaohongshu.com/explore
2026-01-06 13:45:29.839 | INFO     | src.services.login_service:ensure_login_status:249 - Waiting for ready state...
2026-01-06 13:45:29.862 | INFO     | src.services.login_service:ensure_login_status:253 - Executing DOM probe...
2026-01-06 13:45:34.934 | INFO     | src.services.login_service:ensure_login_status:246 - Navigating Chrome target to https://www.xiaohongshu.com/explore
2026-01-06 13:45:35.043 | INFO     | src.services.login_service:ensure_login_status:249 - Waiting for ready state...
2026-01-06 13:45:35.065 | INFO     | src.services.login_service:ensure_login_status:253 - Executing DOM probe...
2026-01-06 13:45:35.084 | INFO     | src.utils.browser_guard:shutdown:157 - Shutting down managed Chrome instance
2026-01-06 13:45:35.098 | WARNING  | src.clients.chrome_devtools:_read_loop:162 - Read loop terminated: no close frame received or sent
2026-01-06 13:45:35.099 | WARNING  | src.clients.chrome_devtools:_read_loop:162 - Read loop terminated: no close frame received or sent
2026-01-06 13:45:35.099 | WARNING  | src.clients.chrome_devtools:_read_loop:162 - Read loop terminated: no close frame received or sent
2026-01-06 13:45:35.099 | WARNING  | src.clients.chrome_devtools:_read_loop:162 - Read loop terminated: no close frame received or sent
2026-01-06 13:45:35.099 | WARNING  | src.clients.chrome_devtools:_read_loop:162 - Read loop terminated: no close frame received or sent
2026-01-06 13:45:35.099 | WARNING  | src.clients.chrome_devtools:_read_loop:162 - Read loop terminated: no close frame received or sent
2026-01-06 13:45:35.099 | WARNING  | src.clients.chrome_devtools:_read_loop:162 - Read loop terminated: no close frame received or sent
2026-01-06 13:45:35.099 | WARNING  | src.clients.chrome_devtools:_read_loop:162 - Read loop terminated: no close frame received or sent
2026-01-06 13:45:35.099 | WARNING  | src.clients.chrome_devtools:_read_loop:162 - Read loop terminated: no close frame received or sent
2026-01-06 13:45:35.100 | WARNING  | src.clients.chrome_devtools:_read_loop:162 - Read loop terminated: no close frame received or sent
2026-01-06 13:45:35.100 | WARNING  | src.clients.chrome_devtools:_read_loop:162 - Read loop terminated: no close frame received or sent
2026-01-06 13:45:35.100 | WARNING  | src.clients.chrome_devtools:_read_loop:162 - Read loop terminated: no close frame received or sent
2026-01-06 13:45:35.100 | WARNING  | src.clients.chrome_devtools:_read_loop:162 - Read loop terminated: no close frame received or sent
2026-01-06 13:45:35.100 | WARNING  | src.clients.chrome_devtools:_read_loop:162 - Read loop terminated: no close frame received or sent
2026-01-06 13:45:35.100 | WARNING  | src.clients.chrome_devtools:_read_loop:162 - Read loop terminated: no close frame received or sent
2026-01-06 13:45:35.100 | WARNING  | src.clients.chrome_devtools:_read_loop:162 - Read loop terminated: no close frame received or sent
2026-01-06 13:45:35.100 | WARNING  | src.clients.chrome_devtools:_read_loop:162 - Read loop terminated: no close frame received or sent
2026-01-06 13:45:35.100 | WARNING  | src.clients.chrome_devtools:_read_loop:162 - Read loop terminated: no close frame received or sent
2026-01-06 13:45:35.101 | WARNING  | src.clients.chrome_devtools:_read_loop:162 - Read loop terminated: no close frame received or sent
2026-01-06 13:45:35.101 | WARNING  | src.clients.chrome_devtools:_read_loop:162 - Read loop terminated: no close frame received or sent
2026-01-06 13:45:35.101 | WARNING  | src.clients.chrome_devtools:_read_loop:162 - Read loop terminated: no close frame received or sent
2026-01-06 13:45:35.101 | WARNING  | src.clients.chrome_devtools:_read_loop:162 - Read loop terminated: no close frame received or sent
2026-01-06 13:45:35.101 | WARNING  | src.clients.chrome_devtools:_read_loop:162 - Read loop terminated: no close frame received or sent
2026-01-06 13:45:35.101 | WARNING  | src.clients.chrome_devtools:_read_loop:162 - Read loop terminated: no close frame received or sent
2026-01-06 13:45:35.129 | INFO     | __main__:auto_execute:211 - Cleaning response with keyword=个人成长
2026-01-06 13:48:40.039 | INFO     | __main__:auto_execute:207 - auto_execute called keyword=个人成长 note_limit=3
2026-01-06 13:48:40.054 | INFO     | src.utils.browser_guard:_cleanup_profile:133 - Removed stale lock file: /app/data/chrome-profile/SingletonLock
2026-01-06 13:48:40.054 | INFO     | src.utils.browser_guard:_cleanup_profile:133 - Removed stale lock file: /app/data/chrome-profile/SingletonCookie
2026-01-06 13:48:40.054 | INFO     | src.utils.browser_guard:_cleanup_profile:133 - Removed stale lock file: /app/data/chrome-profile/SingletonSocket
2026-01-06 13:48:40.054 | INFO     | src.utils.browser_guard:_launch:104 - Launching managed Chrome instance: google-chrome --remote-debugging-port=9222 --remote-debugging-address=127.0.0.1 --user-data-dir=/app/data/chrome-profile --no-first-run --no-default-browser-check --headless=new --window-size=1920,1080 --remote-allow-origins=* --disable-dev-shm-usage --no-sandbox --disable-gpu --disable-software-rasterizer
2026-01-06 13:48:40.517 | WARNING  | src.clients.chrome_devtools:_create_target:79 - Chrome /json/new blocked (405). Reusing existing target New Tab (522691218D1AECC03BF3F6E936AAB91E)
2026-01-06 13:48:40.537 | WARNING  | src.clients.chrome_devtools:_create_target:79 - Chrome /json/new blocked (405). Reusing existing target New Tab (522691218D1AECC03BF3F6E936AAB91E)
2026-01-06 13:48:40.541 | INFO     | src.services.login_service:ensure_login_status:246 - Navigating Chrome target to https://www.xiaohongshu.com/explore
2026-01-06 13:48:40.559 | WARNING  | src.clients.chrome_devtools:_create_target:79 - Chrome /json/new blocked (405). Reusing existing target New Tab (522691218D1AECC03BF3F6E936AAB91E)
2026-01-06 13:48:40.749 | INFO     | src.services.login_service:ensure_login_status:249 - Waiting for ready state...
2026-01-06 13:48:40.768 | INFO     | src.services.login_service:ensure_login_status:253 - Executing DOM probe...
2026-01-06 13:48:45.845 | INFO     | src.services.login_service:ensure_login_status:246 - Navigating Chrome target to https://www.xiaohongshu.com/explore
2026-01-06 13:48:46.011 | INFO     | src.services.login_service:ensure_login_status:249 - Waiting for ready state...
2026-01-06 13:48:46.030 | INFO     | src.services.login_service:ensure_login_status:253 - Executing DOM probe...
2026-01-06 13:48:51.106 | INFO     | src.services.login_service:ensure_login_status:246 - Navigating Chrome target to https://www.xiaohongshu.com/explore
2026-01-06 13:48:51.218 | INFO     | src.services.login_service:ensure_login_status:249 - Waiting for ready state...
2026-01-06 13:48:51.238 | INFO     | src.services.login_service:ensure_login_status:253 - Executing DOM probe...
2026-01-06 13:48:56.313 | INFO     | src.services.login_service:ensure_login_status:246 - Navigating Chrome target to https://www.xiaohongshu.com/explore
2026-01-06 13:48:56.435 | INFO     | src.services.login_service:ensure_login_status:249 - Waiting for ready state...
2026-01-06 13:48:56.457 | INFO     | src.services.login_service:ensure_login_status:253 - Executing DOM probe...
2026-01-06 13:49:01.528 | INFO     | src.services.login_service:ensure_login_status:246 - Navigating Chrome target to https://www.xiaohongshu.com/explore
2026-01-06 13:49:01.659 | INFO     | src.services.login_service:ensure_login_status:249 - Waiting for ready state...
2026-01-06 13:49:01.679 | INFO     | src.services.login_service:ensure_login_status:253 - Executing DOM probe...
2026-01-06 13:49:06.747 | INFO     | src.services.login_service:ensure_login_status:246 - Navigating Chrome target to https://www.xiaohongshu.com/explore
2026-01-06 13:49:06.853 | INFO     | src.services.login_service:ensure_login_status:249 - Waiting for ready state...
2026-01-06 13:49:06.874 | INFO     | src.services.login_service:ensure_login_status:253 - Executing DOM probe...
2026-01-06 13:49:06.892 | INFO     | src.utils.browser_guard:shutdown:157 - Shutting down managed Chrome instance
2026-01-06 13:49:06.903 | WARNING  | src.clients.chrome_devtools:_read_loop:162 - Read loop terminated: no close frame received or sent
2026-01-06 13:49:06.904 | WARNING  | src.clients.chrome_devtools:_read_loop:162 - Read loop terminated: no close frame received or sent
2026-01-06 13:49:06.904 | WARNING  | src.clients.chrome_devtools:_read_loop:162 - Read loop terminated: no close frame received or sent
2026-01-06 13:49:06.904 | WARNING  | src.clients.chrome_devtools:_read_loop:162 - Read loop terminated: no close frame received or sent
2026-01-06 13:49:06.904 | WARNING  | src.clients.chrome_devtools:_read_loop:162 - Read loop terminated: no close frame received or sent
2026-01-06 13:49:06.905 | WARNING  | src.clients.chrome_devtools:_read_loop:162 - Read loop terminated: no close frame received or sent
2026-01-06 13:49:06.905 | WARNING  | src.clients.chrome_devtools:_read_loop:162 - Read loop terminated: no close frame received or sent
2026-01-06 13:49:06.905 | WARNING  | src.clients.chrome_devtools:_read_loop:162 - Read loop terminated: no close frame received or sent
2026-01-06 13:49:06.905 | WARNING  | src.clients.chrome_devtools:_read_loop:162 - Read loop terminated: no close frame received or sent
2026-01-06 13:49:06.905 | WARNING  | src.clients.chrome_devtools:_read_loop:162 - Read loop terminated: no close frame received or sent
2026-01-06 13:49:06.905 | WARNING  | src.clients.chrome_devtools:_read_loop:162 - Read loop terminated: no close frame received or sent
2026-01-06 13:49:06.905 | WARNING  | src.clients.chrome_devtools:_read_loop:162 - Read loop terminated: no close frame received or sent
2026-01-06 13:49:06.905 | WARNING  | src.clients.chrome_devtools:_read_loop:162 - Read loop terminated: no close frame received or sent
2026-01-06 13:49:06.905 | WARNING  | src.clients.chrome_devtools:_read_loop:162 - Read loop terminated: no close frame received or sent
2026-01-06 13:49:06.906 | WARNING  | src.clients.chrome_devtools:_read_loop:162 - Read loop terminated: no close frame received or sent
2026-01-06 13:49:06.906 | WARNING  | src.clients.chrome_devtools:_read_loop:162 - Read loop terminated: no close frame received or sent
2026-01-06 13:49:06.906 | WARNING  | src.clients.chrome_devtools:_read_loop:162 - Read loop terminated: no close frame received or sent
2026-01-06 13:49:06.906 | WARNING  | src.clients.chrome_devtools:_read_loop:162 - Read loop terminated: no close frame received or sent
2026-01-06 13:49:06.906 | WARNING  | src.clients.chrome_devtools:_read_loop:162 - Read loop terminated: no close frame received or sent
2026-01-06 13:49:06.906 | WARNING  | src.clients.chrome_devtools:_read_loop:162 - Read loop terminated: no close frame received or sent
2026-01-06 13:49:06.906 | WARNING  | src.clients.chrome_devtools:_read_loop:162 - Read loop terminated: no close frame received or sent
2026-01-06 13:49:06.907 | WARNING  | src.clients.chrome_devtools:_read_loop:162 - Read loop terminated: no close frame received or sent
2026-01-06 13:49:06.907 | WARNING  | src.clients.chrome_devtools:_read_loop:162 - Read loop terminated: no close frame received or sent
2026-01-06 13:49:06.907 | WARNING  | src.clients.chrome_devtools:_read_loop:162 - Read loop terminated: no close frame received or sent
2026-01-06 13:49:06.917 | INFO     | __main__:auto_execute:211 - Cleaning response with keyword=个人成长
